h:\coal_flow_detection_ylss_yanshou\mfcapplication3\x64\debug\mfcapplication3.pch
h:\coal_flow_detection_ylss_yanshou\mfcapplication3\x64\debug\vc142.pdb
h:\coal_flow_detection_ylss_yanshou\mfcapplication3\x64\debug\vc142.idb
h:\coal_flow_detection_ylss_yanshou\mfcapplication3\x64\debug\infiniteloop.obj
h:\coal_flow_detection_ylss_yanshou\mfcapplication3\x64\debug\pch.obj
h:\coal_flow_detection_ylss_yanshou\mfcapplication3\x64\debug\wjcamera.obj
h:\coal_flow_detection_ylss_yanshou\mfcapplication3\x64\debug\threadpool.obj
h:\coal_flow_detection_ylss_yanshou\mfcapplication3\x64\debug\mfcapplication3dlg.obj
h:\coal_flow_detection_ylss_yanshou\mfcapplication3\x64\debug\mfcapplication3.obj
h:\coal_flow_detection_ylss_yanshou\mfcapplication3\x64\debug\maindlg.obj
h:\coal_flow_detection_ylss_yanshou\mfcapplication3\x64\debug\cmynewdlg.obj
h:\coal_flow_detection_ylss_yanshou\mfcapplication3\x64\debug\read_txt.obj
h:\coal_flow_detection_ylss_yanshou\x64\debug\mfcapplication3.exe
h:\coal_flow_detection_ylss_yanshou\mfcapplication3\x64\debug\mfcapplication3.ilk
h:\coal_flow_detection_ylss_yanshou\x64\debug\mfcapplication3.pdb
h:\coal_flow_detection_ylss_yanshou\mfcapplication3\x64\debug\mfcapplication3.res
h:\coal_flow_detection_ylss_yanshou\mfcapplication3\x64\debug\mfcapplication3.tlog\cl.command.1.tlog
h:\coal_flow_detection_ylss_yanshou\mfcapplication3\x64\debug\mfcapplication3.tlog\cl.read.1.tlog
h:\coal_flow_detection_ylss_yanshou\mfcapplication3\x64\debug\mfcapplication3.tlog\cl.write.1.tlog
h:\coal_flow_detection_ylss_yanshou\mfcapplication3\x64\debug\mfcapplication3.tlog\link.command.1.tlog
h:\coal_flow_detection_ylss_yanshou\mfcapplication3\x64\debug\mfcapplication3.tlog\link.read.1.tlog
h:\coal_flow_detection_ylss_yanshou\mfcapplication3\x64\debug\mfcapplication3.tlog\link.write.1.tlog
h:\coal_flow_detection_ylss_yanshou\mfcapplication3\x64\debug\mfcapplication3.tlog\rc.command.1.tlog
h:\coal_flow_detection_ylss_yanshou\mfcapplication3\x64\debug\mfcapplication3.tlog\rc.read.1.tlog
h:\coal_flow_detection_ylss_yanshou\mfcapplication3\x64\debug\mfcapplication3.tlog\rc.write.1.tlog
